This is pdfTeX, Version 3.14159265-2.6-1.40.21 (TeX Live 2020) (preloaded format=pdflatex 2020.4.18)  14 APR 2021 13:09
entering extended mode
 restricted \write18 enabled.
 file:line:error style messages enabled.
 %&-line parsing enabled.
**"Previ practica 3.tex"
(./Previ practica 3.tex
LaTeX2e <2020-02-02> patch level 5
L3 programming layer <2020-03-06>
(/usr/local/texlive/2020/texmf-dist/tex/latex/base/article.cls
Document Class: article 2019/12/20 v1.4l Standard LaTeX document class
(/usr/local/texlive/2020/texmf-dist/tex/latex/base/size12.clo
File: size12.clo 2019/12/20 v1.4l Standard LaTeX file (size option)
)
\c@part=\count167
\c@section=\count168
\c@subsection=\count169
\c@subsubsection=\count170
\c@paragraph=\count171
\c@subparagraph=\count172
\c@figure=\count173
\c@table=\count174
\abovecaptionskip=\skip47
\belowcaptionskip=\skip48
\bibindent=\dimen134
)
(/usr/local/texlive/2020/texmf-dist/tex/generic/babel/babel.sty
Package: babel 2020/03/22 3.42 The Babel package

(/usr/local/texlive/2020/texmf-dist/tex/generic/babel/switch.def
File: switch.def 2020/03/22 3.42 Babel switching mechanism
)
(/usr/local/texlive/2020/texmf-dist/tex/generic/babel-catalan/catalan.ldf
Language: catalan 2005/03/29 v2.2p Catalan support from the babel system

(/usr/local/texlive/2020/texmf-dist/tex/generic/babel/babel.def
File: babel.def 2020/03/22 3.42 Babel common definitions
\babel@savecnt=\count175
\U@D=\dimen135

(/usr/local/texlive/2020/texmf-dist/tex/generic/babel/txtbabel.def)
\bbl@readstream=\read2
\bbl@dirlevel=\count176
)
Package babel Info: Making " an active character on input line 91.
Warning: You are using encoding OT1 instead of T1.
Some word breaks will not be found.
\leftllkern=\dimen136
\rightllkern=\dimen137
\raiselldim=\dimen138
))
(/usr/local/texlive/2020/texmf-dist/tex/latex/hyperref/hyperref.sty
Package: hyperref 2020/01/14 v7.00d Hypertext links for LaTeX

(/usr/local/texlive/2020/texmf-dist/tex/generic/ltxcmds/ltxcmds.sty
Package: ltxcmds 2019/12/15 v1.24 LaTeX kernel commands for general use (HO)
)
(/usr/local/texlive/2020/texmf-dist/tex/generic/iftex/iftex.sty
Package: iftex 2020/03/06 v1.0d TeX engine tests
)
(/usr/local/texlive/2020/texmf-dist/tex/latex/pdftexcmds/pdftexcmds.sty
Package: pdftexcmds 2019/11/24 v0.31 Utility functions of pdfTeX for LuaTeX (HO
)

(/usr/local/texlive/2020/texmf-dist/tex/generic/infwarerr/infwarerr.sty
Package: infwarerr 2019/12/03 v1.5 Providing info/warning/error messages (HO)
)
Package pdftexcmds Info: \pdf@primitive is available.
Package pdftexcmds Info: \pdf@ifprimitive is available.
Package pdftexcmds Info: \pdfdraftmode found.
)
(/usr/local/texlive/2020/texmf-dist/tex/latex/graphics/keyval.sty
Package: keyval 2014/10/28 v1.15 key=value parser (DPC)
\KV@toks@=\toks15
)
(/usr/local/texlive/2020/texmf-dist/tex/generic/kvsetkeys/kvsetkeys.sty
Package: kvsetkeys 2019/12/15 v1.18 Key value parser (HO)
)
(/usr/local/texlive/2020/texmf-dist/tex/generic/kvdefinekeys/kvdefinekeys.sty
Package: kvdefinekeys 2019-12-19 v1.6 Define keys (HO)
)
(/usr/local/texlive/2020/texmf-dist/tex/generic/pdfescape/pdfescape.sty
Package: pdfescape 2019/12/09 v1.15 Implements pdfTeX's escape features (HO)
)
(/usr/local/texlive/2020/texmf-dist/tex/latex/hycolor/hycolor.sty
Package: hycolor 2020-01-27 v1.10 Color options for hyperref/bookmark (HO)
)
(/usr/local/texlive/2020/texmf-dist/tex/latex/letltxmacro/letltxmacro.sty
Package: letltxmacro 2019/12/03 v1.6 Let assignment for LaTeX macros (HO)
)
(/usr/local/texlive/2020/texmf-dist/tex/latex/auxhook/auxhook.sty
Package: auxhook 2019-12-17 v1.6 Hooks for auxiliary files (HO)
)
(/usr/local/texlive/2020/texmf-dist/tex/latex/kvoptions/kvoptions.sty
Package: kvoptions 2019/11/29 v3.13 Key value format for package options (HO)
)
\@linkdim=\dimen139
\Hy@linkcounter=\count177
\Hy@pagecounter=\count178

(/usr/local/texlive/2020/texmf-dist/tex/latex/hyperref/pd1enc.def
File: pd1enc.def 2020/01/14 v7.00d Hyperref: PDFDocEncoding definition (HO)
Now handling font encoding PD1 ...
... no UTF-8 mapping file for font encoding PD1
)
(/usr/local/texlive/2020/texmf-dist/tex/generic/intcalc/intcalc.sty
Package: intcalc 2019/12/15 v1.3 Expandable calculations with integers (HO)
)
(/usr/local/texlive/2020/texmf-dist/tex/generic/etexcmds/etexcmds.sty
Package: etexcmds 2019/12/15 v1.7 Avoid name clashes with e-TeX commands (HO)
)
\Hy@SavedSpaceFactor=\count179
Package hyperref Info: Option `unicode' set `true' on input line 4421.

(/usr/local/texlive/2020/texmf-dist/tex/latex/hyperref/puenc.def
File: puenc.def 2020/01/14 v7.00d Hyperref: PDF Unicode definition (HO)
Now handling font encoding PU ...
... no UTF-8 mapping file for font encoding PU
)
Package hyperref Info: Hyper figures OFF on input line 4547.
Package hyperref Info: Link nesting OFF on input line 4552.
Package hyperref Info: Hyper index ON on input line 4555.
Package hyperref Info: Plain pages OFF on input line 4562.
Package hyperref Info: Backreferencing OFF on input line 4567.
Package hyperref Info: Implicit mode ON; LaTeX internals redefined.
Package hyperref Info: Bookmarks ON on input line 4800.
\c@Hy@tempcnt=\count180

(/usr/local/texlive/2020/texmf-dist/tex/latex/url/url.sty
\Urlmuskip=\muskip16
Package: url 2013/09/16  ver 3.4  Verb mode for urls, etc.
)
LaTeX Info: Redefining \url on input line 5159.
\XeTeXLinkMargin=\dimen140

(/usr/local/texlive/2020/texmf-dist/tex/generic/bitset/bitset.sty
Package: bitset 2019/12/09 v1.3 Handle bit-vector datatype (HO)

(/usr/local/texlive/2020/texmf-dist/tex/generic/bigintcalc/bigintcalc.sty
Package: bigintcalc 2019/12/15 v1.5 Expandable calculations on big integers (HO
)
))
\Fld@menulength=\count181
\Field@Width=\dimen141
\Fld@charsize=\dimen142
Package hyperref Info: Hyper figures OFF on input line 6430.
Package hyperref Info: Link nesting OFF on input line 6435.
Package hyperref Info: Hyper index ON on input line 6438.
Package hyperref Info: backreferencing OFF on input line 6445.
Package hyperref Info: Link coloring OFF on input line 6450.
Package hyperref Info: Link coloring with OCG OFF on input line 6455.
Package hyperref Info: PDF/A mode OFF on input line 6460.
LaTeX Info: Redefining \ref on input line 6500.
LaTeX Info: Redefining \pageref on input line 6504.

(/usr/local/texlive/2020/texmf-dist/tex/generic/atbegshi/atbegshi.sty
Package: atbegshi 2019/12/05 v1.19 At begin shipout hook (HO)
)
\Hy@abspage=\count182
\c@Item=\count183
\c@Hfootnote=\count184
)
Package hyperref Info: Driver (autodetected): hpdftex.

(/usr/local/texlive/2020/texmf-dist/tex/latex/hyperref/hpdftex.def
File: hpdftex.def 2020/01/14 v7.00d Hyperref driver for pdfTeX

(/usr/local/texlive/2020/texmf-dist/tex/latex/atveryend/atveryend.sty
Package: atveryend 2019-12-11 v1.11 Hooks at the very end of document (HO)
Package atveryend Info: \enddocument detected (standard20110627).
)
\Fld@listcount=\count185
\c@bookmark@seq@number=\count186

(/usr/local/texlive/2020/texmf-dist/tex/latex/rerunfilecheck/rerunfilecheck.sty
Package: rerunfilecheck 2019/12/05 v1.9 Rerun checks for auxiliary files (HO)

(/usr/local/texlive/2020/texmf-dist/tex/generic/uniquecounter/uniquecounter.sty
Package: uniquecounter 2019/12/15 v1.4 Provide unlimited unique counter (HO)
)
Package uniquecounter Info: New unique counter `rerunfilecheck' on input line 2
86.
)
\Hy@SectionHShift=\skip49
) (/usr/local/texlive/2020/texmf-dist/tex/latex/amsmath/amsmath.sty
Package: amsmath 2020/01/20 v2.17e AMS math features
\@mathmargin=\skip50

For additional information on amsmath, use the `?' option.
(/usr/local/texlive/2020/texmf-dist/tex/latex/amsmath/amstext.sty
Package: amstext 2000/06/29 v2.01 AMS text

(/usr/local/texlive/2020/texmf-dist/tex/latex/amsmath/amsgen.sty
File: amsgen.sty 1999/11/30 v2.0 generic functions
\@emptytoks=\toks16
\ex@=\dimen143
))
(/usr/local/texlive/2020/texmf-dist/tex/latex/amsmath/amsbsy.sty
Package: amsbsy 1999/11/29 v1.2d Bold Symbols
\pmbraise@=\dimen144
)
(/usr/local/texlive/2020/texmf-dist/tex/latex/amsmath/amsopn.sty
Package: amsopn 2016/03/08 v2.02 operator names
)
\inf@bad=\count187
LaTeX Info: Redefining \frac on input line 227.
\uproot@=\count188
\leftroot@=\count189
LaTeX Info: Redefining \overline on input line 389.
\classnum@=\count190
\DOTSCASE@=\count191
LaTeX Info: Redefining \ldots on input line 486.
LaTeX Info: Redefining \dots on input line 489.
LaTeX Info: Redefining \cdots on input line 610.
\Mathstrutbox@=\box45
\strutbox@=\box46
\big@size=\dimen145
LaTeX Font Info:    Redeclaring font encoding OML on input line 733.
LaTeX Font Info:    Redeclaring font encoding OMS on input line 734.
\macc@depth=\count192
\c@MaxMatrixCols=\count193
\dotsspace@=\muskip17
\c@parentequation=\count194
\dspbrk@lvl=\count195
\tag@help=\toks17
\row@=\count196
\column@=\count197
\maxfields@=\count198
\andhelp@=\toks18
\eqnshift@=\dimen146
\alignsep@=\dimen147
\tagshift@=\dimen148
\tagwidth@=\dimen149
\totwidth@=\dimen150
\lineht@=\dimen151
\@envbody=\toks19
\multlinegap=\skip51
\multlinetaggap=\skip52
\mathdisplay@stack=\toks20
LaTeX Info: Redefining \[ on input line 2859.
LaTeX Info: Redefining \] on input line 2860.
)
(/usr/local/texlive/2020/texmf-dist/tex/latex/amsfonts/amssymb.sty
Package: amssymb 2013/01/14 v3.01 AMS font symbols

(/usr/local/texlive/2020/texmf-dist/tex/latex/amsfonts/amsfonts.sty
Package: amsfonts 2013/01/14 v3.01 Basic AMSFonts support
\symAMSa=\mathgroup4
\symAMSb=\mathgroup5
LaTeX Font Info:    Redeclaring math symbol \hbar on input line 98.
LaTeX Font Info:    Overwriting math alphabet `\mathfrak' in version `bold'
(Font)                  U/euf/m/n --> U/euf/b/n on input line 106.
))
(/usr/local/texlive/2020/texmf-dist/tex/latex/amscls/amsthm.sty
Package: amsthm 2017/10/31 v2.20.4
\thm@style=\toks21
\thm@bodyfont=\toks22
\thm@headfont=\toks23
\thm@notefont=\toks24
\thm@headpunct=\toks25
\thm@preskip=\skip53
\thm@postskip=\skip54
\thm@headsep=\skip55
\dth@everypar=\toks26
)
(/usr/local/texlive/2020/texmf-dist/tex/latex/xifthen/xifthen.sty
Package: xifthen 2015/11/05 v1.4.0 Extended ifthen features

(/usr/local/texlive/2020/texmf-dist/tex/latex/tools/calc.sty
Package: calc 2017/05/25 v4.3 Infix arithmetic (KKT,FJ)
\calc@Acount=\count199
\calc@Bcount=\count266
\calc@Adimen=\dimen152
\calc@Bdimen=\dimen153
\calc@Askip=\skip56
\calc@Bskip=\skip57
LaTeX Info: Redefining \setlength on input line 80.
LaTeX Info: Redefining \addtolength on input line 81.
\calc@Ccount=\count267
\calc@Cskip=\skip58
)
(/usr/local/texlive/2020/texmf-dist/tex/latex/base/ifthen.sty
Package: ifthen 2014/09/29 v1.1c Standard LaTeX ifthen package (DPC)
)
(/usr/local/texlive/2020/texmf-dist/tex/latex/ifmtarg/ifmtarg.sty
Package: ifmtarg 2018/04/16 v1.2b check for an empty argument
))
(/usr/local/texlive/2020/texmf-dist/tex/latex/listings/listings.sty
\lst@mode=\count268
\lst@gtempboxa=\box47
\lst@token=\toks27
\lst@length=\count269
\lst@currlwidth=\dimen154
\lst@column=\count270
\lst@pos=\count271
\lst@lostspace=\dimen155
\lst@width=\dimen156
\lst@newlines=\count272
\lst@lineno=\count273
\lst@maxwidth=\dimen157

(/usr/local/texlive/2020/texmf-dist/tex/latex/listings/lstmisc.sty
File: lstmisc.sty 2020/03/24 1.8d (Carsten Heinz)
\c@lstnumber=\count274
\lst@skipnumbers=\count275
\lst@framebox=\box48
)
(/usr/local/texlive/2020/texmf-dist/tex/latex/listings/listings.cfg
File: listings.cfg 2020/03/24 1.8d listings configuration
))
Package: listings 2020/03/24 1.8d (Carsten Heinz)

(/usr/local/texlive/2020/texmf-dist/tex/latex/float/float.sty
Package: float 2001/11/08 v1.3d Float enhancements (AL)
\c@float@type=\count276
\float@exts=\toks28
\float@box=\box49
\@float@everytoks=\toks29
\@floatcapt=\box50
)
(/usr/local/texlive/2020/texmf-dist/tex/latex/siunitx/siunitx.sty
(/usr/local/texlive/2020/texmf-dist/tex/latex/l3kernel/expl3.sty
Package: expl3 2020-03-06 L3 programming layer (loader) 

(/usr/local/texlive/2020/texmf-dist/tex/latex/l3backend/l3backend-pdfmode.def
File: l3backend-pdfmode.def 2020-03-12 L3 backend support: PDF mode
\l__kernel_color_stack_int=\count277
\l__pdf_internal_box=\box51
)) (/usr/local/texlive/2020/texmf-dist/tex/latex/l3packages/xparse/xparse.sty
Package: xparse 2020-03-06 L3 Experimental document command parser
\l__xparse_current_arg_int=\count278
\g__xparse_grabber_int=\count279
\l__xparse_m_args_int=\count280
\l__xparse_v_nesting_int=\count281
)
Package: siunitx 2020/02/25 v2.8b A comprehensive (SI) units package

(/usr/local/texlive/2020/texmf-dist/tex/latex/tools/array.sty
Package: array 2019/08/31 v2.4l Tabular extension package (FMi)
\col@sep=\dimen158
\ar@mcellbox=\box52
\extrarowheight=\dimen159
\NC@list=\toks30
\extratabsurround=\skip59
\backup@length=\skip60
\ar@cellbox=\box53
)
(/usr/local/texlive/2020/texmf-dist/tex/latex/l3packages/l3keys2e/l3keys2e.sty
Package: l3keys2e 2020-03-06 LaTeX2e option processing using LaTeX3 keys
)
\l__siunitx_tmp_box=\box54
\l__siunitx_tmp_dim=\dimen160
\l__siunitx_tmp_int=\count282
\l__siunitx_number_mantissa_length_int=\count283
\l__siunitx_number_uncert_length_int=\count284
\l__siunitx_round_int=\count285
\l__siunitx_process_decimal_int=\count286
\l__siunitx_process_uncertainty_int=\count287
\l__siunitx_process_fixed_int=\count288
\l__siunitx_process_integer_min_int=\count289
\l__siunitx_process_precision_int=\count290
\l__siunitx_group_min_int=\count291
\l__siunitx_angle_marker_box=\box55
\l__siunitx_angle_unit_box=\box56
\l__siunitx_angle_marker_dim=\dimen161
\l__siunitx_angle_unit_dim=\dimen162
\l__siunitx_unit_int=\count292
\l__siunitx_unit_denominator_int=\count293
\l__siunitx_unit_numerator_int=\count294
\l__siunitx_unit_prefix_int=\count295
\l__siunitx_unit_prefix_base_int=\count296
\l__siunitx_unit_prefix_gram_int=\count297
\l__siunitx_number_product_int=\count298
\c__siunitx_one_fill_skip=\skip61
\l__siunitx_table_unit_align_skip=\skip62
\l__siunitx_table_exponent_dim=\dimen163
\l__siunitx_table_integer_dim=\dimen164
\l__siunitx_table_mantissa_dim=\dimen165
\l__siunitx_table_marker_dim=\dimen166
\l__siunitx_table_result_dim=\dimen167
\l__siunitx_table_uncert_dim=\dimen168
\l__siunitx_table_fill_pre_dim=\dimen169
\l__siunitx_table_fill_post_dim=\dimen170
\l__siunitx_table_fill_mid_dim=\dimen171
\l__siunitx_table_pre_box=\box57
\l__siunitx_table_post_box=\box58
\l__siunitx_table_mantissa_box=\box59
\l__siunitx_table_result_box=\box60
\l__siunitx_table_number_align_skip=\skip63
\l__siunitx_table_text_align_skip=\skip64
(/usr/local/texlive/2020/texmf-dist/tex/latex/translator/translator.sty
Package: translator 2019-05-31 v1.12a Easy translation of strings in LaTeX
))
(/usr/local/texlive/2020/texmf-dist/tex/latex/graphics/graphicx.sty
Package: graphicx 2019/11/30 v1.2a Enhanced LaTeX Graphics (DPC,SPQR)

(/usr/local/texlive/2020/texmf-dist/tex/latex/graphics/graphics.sty
Package: graphics 2019/11/30 v1.4a Standard LaTeX Graphics (DPC,SPQR)

(/usr/local/texlive/2020/texmf-dist/tex/latex/graphics/trig.sty
Package: trig 2016/01/03 v1.10 sin cos tan (DPC)
)
(/usr/local/texlive/2020/texmf-dist/tex/latex/graphics-cfg/graphics.cfg
File: graphics.cfg 2016/06/04 v1.11 sample graphics configuration
)
Package graphics Info: Driver file: pdftex.def on input line 105.

(/usr/local/texlive/2020/texmf-dist/tex/latex/graphics-def/pdftex.def
File: pdftex.def 2018/01/08 v1.0l Graphics/color driver for pdftex
))
\Gin@req@height=\dimen172
\Gin@req@width=\dimen173
)
(/usr/local/texlive/2020/texmf-dist/tex/latex/tools/indentfirst.sty
Package: indentfirst 1995/11/23 v1.03 Indent first paragraph (DPC)
)
Package hyperref Info: Option `colorlinks' set `true' on input line 20.


LaTeX Warning: Unused global option(s):
    [a4papre].

(./Previ practica 3.aux)
\openout1 = `"Previ practica 3.aux"'.

LaTeX Font Info:    Checking defaults for OML/cmm/m/it on input line 26.
LaTeX Font Info:    ... okay on input line 26.
LaTeX Font Info:    Checking defaults for OMS/cmsy/m/n on input line 26.
LaTeX Font Info:    ... okay on input line 26.
LaTeX Font Info:    Checking defaults for OT1/cmr/m/n on input line 26.
LaTeX Font Info:    ... okay on input line 26.
LaTeX Font Info:    Checking defaults for T1/cmr/m/n on input line 26.
LaTeX Font Info:    ... okay on input line 26.
LaTeX Font Info:    Checking defaults for TS1/cmr/m/n on input line 26.
LaTeX Font Info:    ... okay on input line 26.
LaTeX Font Info:    Checking defaults for OMX/cmex/m/n on input line 26.
LaTeX Font Info:    ... okay on input line 26.
LaTeX Font Info:    Checking defaults for U/cmr/m/n on input line 26.
LaTeX Font Info:    ... okay on input line 26.
LaTeX Font Info:    Checking defaults for PD1/pdf/m/n on input line 26.
LaTeX Font Info:    ... okay on input line 26.
LaTeX Font Info:    Checking defaults for PU/pdf/m/n on input line 26.
LaTeX Font Info:    ... okay on input line 26.
LaTeX Info: Redefining \l on input line 26.
LaTeX Info: Redefining \L on input line 26.
\AtBeginShipoutBox=\box61

(/usr/local/texlive/2020/texmf-dist/tex/latex/graphics/color.sty
Package: color 2019/11/23 v1.2a Standard LaTeX Color (DPC)

(/usr/local/texlive/2020/texmf-dist/tex/latex/graphics-cfg/color.cfg
File: color.cfg 2016/01/02 v1.6 sample color configuration
)
Package color Info: Driver file: pdftex.def on input line 147.
)
Package hyperref Info: Link coloring ON on input line 26.

(/usr/local/texlive/2020/texmf-dist/tex/latex/hyperref/nameref.sty
Package: nameref 2019/09/16 v2.46 Cross-referencing by name of section

(/usr/local/texlive/2020/texmf-dist/tex/latex/refcount/refcount.sty
Package: refcount 2019/12/15 v3.6 Data extraction from label references (HO)
)
(/usr/local/texlive/2020/texmf-dist/tex/generic/gettitlestring/gettitlestring.s
ty
Package: gettitlestring 2019/12/15 v1.6 Cleanup title references (HO)
)
\c@section@level=\count299
)
LaTeX Info: Redefining \ref on input line 26.
LaTeX Info: Redefining \pageref on input line 26.
LaTeX Info: Redefining \nameref on input line 26.
 (./Previ practica 3.out) (./Previ practica 3.out)
\@outlinefile=\write3
\openout3 = `"Previ practica 3.out"'.

\c@lstlisting=\count300

(/usr/local/texlive/2020/texmf-dist/tex/latex/translator/translator-basic-dicti
onary-English.dict
Dictionary: translator-basic-dictionary, Language: English 
)
(/usr/local/texlive/2020/texmf-dist/tex/latex/siunitx/siunitx-abbreviations.cfg
File: siunitx-abbreviations.cfg 2017/11/26 v2.7k siunitx: Abbreviated units
) (/usr/local/texlive/2020/texmf-dist/tex/context/base/mkii/supp-pdf.mkii
[Loading MPS to PDF converter (version 2006.09.02).]
\scratchcounter=\count301
\scratchdimen=\dimen174
\scratchbox=\box62
\nofMPsegments=\count302
\nofMParguments=\count303
\everyMPshowfont=\toks31
\MPscratchCnt=\count304
\MPscratchDim=\dimen175
\MPnumerator=\count305
\makeMPintoPDFobject=\count306
\everyMPtoPDFconversion=\toks32
) (/usr/local/texlive/2020/texmf-dist/tex/latex/epstopdf-pkg/epstopdf-base.sty
Package: epstopdf-base 2020-01-24 v2.11 Base part for package epstopdf
Package epstopdf-base Info: Redefining graphics rule for `.eps' on input line 4
85.

(/usr/local/texlive/2020/texmf-dist/tex/latex/latexconfig/epstopdf-sys.cfg
File: epstopdf-sys.cfg 2010/07/13 v1.3 Configuration of (r)epstopdf for TeX Liv
e
))
LaTeX Font Info:    Trying to load font information for U+msa on input line 26.


(/usr/local/texlive/2020/texmf-dist/tex/latex/amsfonts/umsa.fd
File: umsa.fd 2013/01/14 v3.01 AMS symbols A
)
LaTeX Font Info:    Trying to load font information for U+msb on input line 26.


(/usr/local/texlive/2020/texmf-dist/tex/latex/amsfonts/umsb.fd
File: umsb.fd 2013/01/14 v3.01 AMS symbols B
) [1

{/usr/local/texlive/2020/texmf-var/fonts/map/pdftex/updmap/pdftex.map}]
<./Images/img_p_3_1.jpeg, id=20, 1606.0pt x 686.565pt>
File: ./Images/img_p_3_1.jpeg Graphic file (type jpg)
<use ./Images/img_p_3_1.jpeg>
Package pdftex.def Info: ./Images/img_p_3_1.jpeg  used on input line 86.
(pdftex.def)             Requested size: 284.52756pt x 121.6278pt.
 [2pdfTeX warning (ext4): destination with the same identifier (name{figure.1})
 has been already used, duplicate ignored

\AtBegShi@Output ...ipout \box \AtBeginShipoutBox 
                                                  \fi \fi 
l.101 	\]
          <./Images/img_p_3_1.jpeg>]
<./Images/img_p_3_2.jpeg, id=26, 1606.0pt x 1558.82375pt>
File: ./Images/img_p_3_2.jpeg Graphic file (type jpg)
<use ./Images/img_p_3_2.jpeg>
Package pdftex.def Info: ./Images/img_p_3_2.jpeg  used on input line 119.
(pdftex.def)             Requested size: 199.16928pt x 193.30641pt.
 [3pdfTeX warning (ext4): destination with the same identifier (name{figure.2})
 has been already used, duplicate ignored

\AtBegShi@Output ...ipout \box \AtBeginShipoutBox 
                                                  \fi \fi 
l.128 	\]
          <./Images/img_p_3_2.jpeg>]
<./Images/img_p_3_3.jpeg, id=33, 1606.0pt x 935.495pt>
File: ./Images/img_p_3_3.jpeg Graphic file (type jpg)
<use ./Images/img_p_3_3.jpeg>
Package pdftex.def Info: ./Images/img_p_3_3.jpeg  used on input line 134.
(pdftex.def)             Requested size: 199.16928pt x 116.00874pt.
Package atveryend Info: Empty hook `BeforeClearDocument' on input line 151.
 [4pdfTeX warning (ext4): destination with the same identifier (name{figure.3})
 has been already used, duplicate ignored

\AtBegShi@Output ...ipout \box \AtBeginShipoutBox 
                                                  \fi \fi 
l.151 \end{document}
                     <./Images/img_p_3_3.jpeg>]
Package atveryend Info: Empty hook `AfterLastShipout' on input line 151.
 (./Previ practica 3.aux)
Package atveryend Info: Executing hook `AtVeryEndDocument' on input line 151.
Package atveryend Info: Executing hook `AtEndAfterFileList' on input line 151.
Package rerunfilecheck Info: File `"Previ practica 3".out' has not changed.
(rerunfilecheck)             Checksum: D41D8CD98F00B204E9800998ECF8427E;0.
Package atveryend Info: Empty hook `AtVeryVeryEnd' on input line 151.
 ) 
Here is how much of TeX's memory you used:
 14670 strings out of 480608
 247280 string characters out of 5903630
 493181 words of memory out of 5000000
 30349 multiletter control sequences out of 15000+600000
 544467 words of font info for 73 fonts, out of 8000000 for 9000
 1141 hyphenation exceptions out of 8191
 36i,12n,46p,271b,813s stack positions out of 5000i,500n,10000p,200000b,80000s
{/usr/local/texlive/2020/texmf-dist/fonts/enc/dvips/cm-super/cm-super-ts1.enc
}</usr/local/texlive/2020/texmf-dist/fonts/type1/public/amsfonts/cm/cmbx12.pfb>
</usr/local/texlive/2020/texmf-dist/fonts/type1/public/amsfonts/cm/cmex10.pfb><
/usr/local/texlive/2020/texmf-dist/fonts/type1/public/amsfonts/cm/cmmi12.pfb></
usr/local/texlive/2020/texmf-dist/fonts/type1/public/amsfonts/cm/cmmi6.pfb></us
r/local/texlive/2020/texmf-dist/fonts/type1/public/amsfonts/cm/cmmi8.pfb></usr/
local/texlive/2020/texmf-dist/fonts/type1/public/amsfonts/cm/cmr12.pfb></usr/lo
cal/texlive/2020/texmf-dist/fonts/type1/public/amsfonts/cm/cmr17.pfb></usr/loca
l/texlive/2020/texmf-dist/fonts/type1/public/amsfonts/cm/cmr6.pfb></usr/local/t
exlive/2020/texmf-dist/fonts/type1/public/amsfonts/cm/cmr8.pfb></usr/local/texl
ive/2020/texmf-dist/fonts/type1/public/amsfonts/cm/cmsy10.pfb></usr/local/texli
ve/2020/texmf-dist/fonts/type1/public/amsfonts/cm/cmsy8.pfb></usr/local/texlive
/2020/texmf-dist/fonts/type1/public/cm-super/sfrm1200.pfb>
Output written on "Previ practica 3.pdf" (4 pages, 666583 bytes).
PDF statistics:
 82 PDF objects out of 1000 (max. 8388607)
 60 compressed objects within 1 object stream
 8 named destinations out of 1000 (max. 500000)
 16 words of extra memory for PDF output out of 10000 (max. 10000000)

